[2025-02-21 21:15:16,962: INFO: main: Welcome to custom log | created by Dharaneesh]
[2025-02-22 05:00:45,159: INFO: common: yaml file: config\config.yaml loaded successfully]
[2025-02-22 05:00:45,170: INFO: common: yaml file: params.yaml loaded successfully]
[2025-02-22 05:00:45,170: INFO: common: created directory at: artifacts]
[2025-02-22 05:00:45,170: INFO: common: created directory at: artifacts/data_ingestion]
[2025-02-22 05:02:35,110: INFO: common: yaml file: config\config.yaml loaded successfully]
[2025-02-22 05:02:35,117: INFO: common: yaml file: params.yaml loaded successfully]
[2025-02-22 05:02:35,123: INFO: common: created directory at: artifacts]
[2025-02-22 05:02:35,123: INFO: common: created directory at: artifacts/data_ingestion]
[2025-02-22 05:04:36,974: INFO: common: yaml file: config\config.yaml loaded successfully]
[2025-02-22 05:04:36,974: INFO: common: yaml file: params.yaml loaded successfully]
[2025-02-22 05:04:36,974: INFO: common: created directory at: artifacts]
[2025-02-22 05:04:36,982: INFO: common: created directory at: artifacts/data_ingestion]
[2025-02-22 05:06:43,950: INFO: common: yaml file: config\config.yaml loaded successfully]
[2025-02-22 05:06:43,950: INFO: common: yaml file: params.yaml loaded successfully]
[2025-02-22 05:06:43,958: INFO: common: created directory at: artifacts]
[2025-02-22 05:06:43,959: INFO: common: created directory at: artifacts/data_ingestion]
[2025-02-22 05:06:43,959: INFO: 986331348: Downloading data from https://drive.google.com/file/d/1lsbWNngYHZMBuVfFr83-UcT0xKwVD8SN/view?usp=sharing into file artifacts/data_ingestion/data.zip]
[2025-02-22 05:12:05,069: INFO: 986331348: Downloaded data from https://drive.google.com/file/d/1lsbWNngYHZMBuVfFr83-UcT0xKwVD8SN/view?usp=sharing into file artifacts/data_ingestion/data.zip]
[2025-02-22 05:31:07,834: INFO: main: >>>>>> 01 - Stage 01 - Stage => Data Ingestion started. <<<<<<]
[2025-02-22 05:31:07,834: INFO: common: yaml file: config\config.yaml loaded successfully]
[2025-02-22 05:31:07,834: INFO: common: yaml file: params.yaml loaded successfully]
[2025-02-22 05:31:07,834: INFO: common: created directory at: artifacts]
[2025-02-22 05:31:07,841: INFO: common: created directory at: artifacts/data_ingestion]
[2025-02-22 05:31:07,843: INFO: data_ingestion: Downloading data from https://drive.google.com/file/d/1lsbWNngYHZMBuVfFr83-UcT0xKwVD8SN/view?usp=sharing into file artifacts/data_ingestion/data.zip]
[2025-02-22 05:37:39,533: INFO: data_ingestion: Downloaded data from https://drive.google.com/file/d/1lsbWNngYHZMBuVfFr83-UcT0xKwVD8SN/view?usp=sharing into file artifacts/data_ingestion/data.zip]
[2025-02-22 05:38:01,760: INFO: main: >>>>>> 01 - Stage 01 - Stage => Data Ingestion completed. <<<<<<

x==========x]
[2025-02-22 06:04:57,143: INFO: common: yaml file: config\config.yaml loaded successfully]
[2025-02-22 06:04:57,147: INFO: common: yaml file: params.yaml loaded successfully]
[2025-02-22 06:04:57,150: INFO: common: created directory at: artifacts]
[2025-02-22 06:04:57,153: INFO: common: created directory at: artifacts/prepare_base_model]
[2025-02-22 06:05:10,869: WARNING: saving_utils: Compiled the loaded model, but the compiled metrics have yet to be built. `model.compile_metrics` will be empty until you train or evaluate the model.]
[2025-02-22 06:22:38,213: INFO: main: >>>>>> 01 - Stage => Data Ingestion started. <<<<<<]
[2025-02-22 06:22:38,215: INFO: common: yaml file: config\config.yaml loaded successfully]
[2025-02-22 06:22:38,215: INFO: common: yaml file: params.yaml loaded successfully]
[2025-02-22 06:22:38,215: INFO: common: created directory at: artifacts]
[2025-02-22 06:22:38,215: ERROR: main: 'ConfigurationManager' object has no attribute 'get_data_ingestion_config']
Traceback (most recent call last):
  File "main.py", line 10, in <module>
    obj.main()
  File "C:\Users\DHARANEESH\My Projects\Disease Prediction\disease-prediction\src\kidneyDiseaseClassifier\pipeline\stage_01_data_ingestion.py", line 15, in main
    data_ingestion_config = config.get_data_ingestion_config()
AttributeError: 'ConfigurationManager' object has no attribute 'get_data_ingestion_config'
[2025-02-22 06:24:26,567: INFO: main: >>>>>> 01 - Stage => Data Ingestion started. <<<<<<]
[2025-02-22 06:24:26,571: INFO: common: yaml file: config\config.yaml loaded successfully]
[2025-02-22 06:24:26,576: INFO: common: yaml file: params.yaml loaded successfully]
[2025-02-22 06:24:26,577: INFO: common: created directory at: artifacts]
[2025-02-22 06:24:26,577: INFO: common: created directory at: artifacts/data_ingestion]
[2025-02-22 06:24:26,579: INFO: data_ingestion: Downloading data from https://drive.google.com/file/d/1lsbWNngYHZMBuVfFr83-UcT0xKwVD8SN/view?usp=sharing into file artifacts/data_ingestion/data.zip]
[2025-02-22 06:29:39,888: INFO: data_ingestion: Downloaded data from https://drive.google.com/file/d/1lsbWNngYHZMBuVfFr83-UcT0xKwVD8SN/view?usp=sharing into file artifacts/data_ingestion/data.zip]
[2025-02-22 06:30:03,615: INFO: main: >>>>>> 01 - Stage => Data Ingestion completed. <<<<<<

x==========x]
[2025-02-22 06:30:03,615: INFO: main: *******************]
[2025-02-22 06:30:03,615: INFO: main: >>>>>> 02 - Stage => Prepare Base Model started. <<<<<<]
[2025-02-22 06:30:03,615: INFO: common: yaml file: config\config.yaml loaded successfully]
[2025-02-22 06:30:03,620: INFO: common: yaml file: params.yaml loaded successfully]
[2025-02-22 06:30:03,621: INFO: common: created directory at: artifacts]
[2025-02-22 06:30:03,623: INFO: common: created directory at: artifacts/prepare_base_model]
[2025-02-22 06:30:03,623: ERROR: main: name 'PrepareBaseModel' is not defined]
Traceback (most recent call last):
  File "main.py", line 22, in <module>
    prepare_base_model.main()
  File "C:\Users\DHARANEESH\My Projects\Disease Prediction\disease-prediction\src\kidneyDiseaseClassifier\pipeline\stage_02_prepare_base_model.py", line 16, in main
    prepare_base_model = PrepareBaseModel(config=prepare_base_model_config)
NameError: name 'PrepareBaseModel' is not defined
[2025-02-22 06:31:49,608: INFO: main: *******************]
[2025-02-22 06:31:49,608: INFO: main: >>>>>> 02 - Stage => Prepare Base Model started. <<<<<<]
[2025-02-22 06:31:49,612: INFO: common: yaml file: config\config.yaml loaded successfully]
[2025-02-22 06:31:49,613: INFO: common: yaml file: params.yaml loaded successfully]
[2025-02-22 06:31:49,616: INFO: common: created directory at: artifacts]
[2025-02-22 06:31:49,623: INFO: common: created directory at: artifacts/prepare_base_model]
[2025-02-22 06:31:50,216: WARNING: saving_utils: Compiled the loaded model, but the compiled metrics have yet to be built. `model.compile_metrics` will be empty until you train or evaluate the model.]
[2025-02-22 06:31:50,515: INFO: main: >>>>>> 02 - Stage => Prepare Base Model completed. <<<<<<

x==========x]
